#
# There is insufficient memory for the Java Runtime Environment to continue.
# Native memory allocation (malloc) failed to allocate 582416 bytes for Chunk::new
# Possible reasons:
#   The system is out of physical RAM or swap space
#   In 32 bit mode, the process size limit was hit
# Possible solutions:
#   Reduce memory load on the system
#   Increase physical memory or swap space
#   Check if swap backing store is full
#   Use 64 bit Java on a 64 bit OS
#   Decrease Java heap size (-Xmx/-Xms)
#   Decrease number of Java threads
#   Decrease Java thread stack sizes (-Xss)
#   Set larger code cache with -XX:ReservedCodeCacheSize=
# This output file may be truncated or incomplete.
#
#  Out of Memory Error (allocation.cpp:390), pid=7072, tid=0x0000000000001ae4
#
# JRE version: Java(TM) SE Runtime Environment (8.0_101-b13) (build 1.8.0_101-b13)
# Java VM: Java HotSpot(TM) 64-Bit Server VM (25.101-b13 mixed mode windows-amd64 compressed oops)
# Failed to write core dump. Minidumps are not enabled by default on client versions of Windows
#

---------------  T H R E A D  ---------------

Current thread (0x0000000017187000):  JavaThread "C2 CompilerThread0" daemon [_thread_in_native, id=6884, stack(0x00000000187c0000,0x00000000188c0000)]

Stack: [0x00000000187c0000,0x00000000188c0000]
[error occurred during error reporting (printing stack bounds), id 0xc0000005]

Native frames: (J=compiled Java code, j=interpreted, Vv=VM code, C=native code)


Current CompileTask:
C2: 274870 8149       4       org.springframework.web.servlet.mvc.method.RequestMappingInfoHandlerMapping::getMatchingMapping (10 bytes)


---------------  P R O C E S S  ---------------

Java Threads: ( => current thread )
  0x0000000019810800 JavaThread "DestroyJavaVM" [_thread_blocked, id=8956, stack(0x0000000002430000,0x0000000002530000)]
  0x0000000019812000 JavaThread "http-nio-8080-AsyncTimeout" daemon [_thread_blocked, id=6556, stack(0x0000000022f80000,0x0000000023080000)]
  0x0000000019811000 JavaThread "http-nio-8080-Acceptor-0" daemon [_thread_in_native, id=1040, stack(0x0000000022e80000,0x0000000022f80000)]
  0x0000000019815000 JavaThread "http-nio-8080-ClientPoller-1" daemon [_thread_in_native, id=7112, stack(0x0000000022d80000,0x0000000022e80000)]
  0x0000000019808000 JavaThread "http-nio-8080-ClientPoller-0" daemon [_thread_in_native, id=3252, stack(0x0000000022c80000,0x0000000022d80000)]
  0x000000001980f000 JavaThread "http-nio-8080-exec-10" daemon [_thread_blocked, id=1652, stack(0x0000000022b80000,0x0000000022c80000)]
  0x000000001980d800 JavaThread "http-nio-8080-exec-9" daemon [_thread_blocked, id=7256, stack(0x0000000022a80000,0x0000000022b80000)]
  0x000000001980a800 JavaThread "http-nio-8080-exec-8" daemon [_thread_blocked, id=7128, stack(0x0000000022980000,0x0000000022a80000)]
  0x000000001980c000 JavaThread "http-nio-8080-exec-7" daemon [_thread_blocked, id=2660, stack(0x0000000022880000,0x0000000022980000)]
  0x000000001980b000 JavaThread "http-nio-8080-exec-6" daemon [_thread_blocked, id=6700, stack(0x0000000022780000,0x0000000022880000)]
  0x000000001980e000 JavaThread "http-nio-8080-exec-5" daemon [_thread_blocked, id=7240, stack(0x0000000022680000,0x0000000022780000)]
  0x0000000019809800 JavaThread "http-nio-8080-exec-4" daemon [_thread_blocked, id=7540, stack(0x0000000022580000,0x0000000022680000)]
  0x0000000019809000 JavaThread "http-nio-8080-exec-3" daemon [_thread_blocked, id=8684, stack(0x0000000022480000,0x0000000022580000)]
  0x000000001980c800 JavaThread "http-nio-8080-exec-2" daemon [_thread_blocked, id=4700, stack(0x0000000022380000,0x0000000022480000)]
  0x000000001b38f800 JavaThread "http-nio-8080-exec-1" daemon [_thread_blocked, id=8112, stack(0x0000000021040000,0x0000000021140000)]
  0x000000001b38f000 JavaThread "NioBlockingSelector.BlockPoller-1" daemon [_thread_in_native, id=6204, stack(0x0000000020d00000,0x0000000020e00000)]
  0x000000001b38e000 JavaThread "Live Reload Server" daemon [_thread_in_native, id=7076, stack(0x0000000020c00000,0x0000000020d00000)]
  0x000000001b390800 JavaThread "File Watcher" daemon [_thread_blocked, id=4232, stack(0x0000000020a00000,0x0000000020b00000)]
  0x000000001da66800 JavaThread "Tomcat JDBC Pool Cleaner[1342443276:1512919211797]" daemon [_thread_blocked, id=6212, stack(0x000000001fbc0000,0x000000001fcc0000)]
  0x000000001eaed000 JavaThread "container-0" [_thread_blocked, id=8028, stack(0x000000001f8c0000,0x000000001f9c0000)]
  0x000000001b4d8800 JavaThread "ContainerBackgroundProcessor[StandardEngine[Tomcat]]" daemon [_thread_blocked, id=6768, stack(0x000000001f7c0000,0x000000001f8c0000)]
  0x0000000019221000 JavaThread "Monitor Ctrl-Break" daemon [_thread_in_native, id=3204, stack(0x00000000198c0000,0x00000000199c0000)]
  0x00000000189f8800 JavaThread "Service Thread" daemon [_thread_blocked, id=2428, stack(0x0000000018ec0000,0x0000000018fc0000)]
  0x00000000171de800 JavaThread "C1 CompilerThread2" daemon [_thread_blocked, id=5296, stack(0x0000000018dc0000,0x0000000018ec0000)]
  0x00000000171da000 JavaThread "C2 CompilerThread1" daemon [_thread_in_native, id=5848, stack(0x00000000188c0000,0x00000000189c0000)]
=>0x0000000017187000 JavaThread "C2 CompilerThread0" daemon [_thread_in_native, id=6884, stack(0x00000000187c0000,0x00000000188c0000)]
  0x0000000017186000 JavaThread "Attach Listener" daemon [_thread_blocked, id=6460, stack(0x00000000186c0000,0x00000000187c0000)]
  0x0000000017184800 JavaThread "Signal Dispatcher" daemon [_thread_blocked, id=6432, stack(0x00000000185c0000,0x00000000186c0000)]
  0x000000001716a000 JavaThread "Finalizer" daemon [_thread_blocked, id=7208, stack(0x00000000183e0000,0x00000000184e0000)]
  0x0000000017148800 JavaThread "Reference Handler" daemon [_thread_blocked, id=4200, stack(0x00000000182e0000,0x00000000183e0000)]

Other Threads:
  0x0000000017147800 VMThread [stack: 0x00000000181e0000,0x00000000182e0000] [id=2760]
  0x0000000018a31000 WatcherThread [stack: 0x0000000018fc0000,0x00000000190c0000] [id=7320]

VM state:not at safepoint (normal execution)

VM Mutex/Monitor currently owned by a thread: None

Heap:
 PSYoungGen      total 236032K, used 123979K [0x00000000d5d80000, 0x00000000e5d80000, 0x0000000100000000)
  eden space 220160K, 49% used [0x00000000d5d80000,0x00000000dc89cf68,0x00000000e3480000)
  from space 15872K, 90% used [0x00000000e4e00000,0x00000000e5bf6070,0x00000000e5d80000)
  to   space 20992K, 0% used [0x00000000e3480000,0x00000000e3480000,0x00000000e4900000)
 ParOldGen       total 104960K, used 22220K [0x0000000081800000, 0x0000000087e80000, 0x00000000d5d80000)
  object space 104960K, 21% used [0x0000000081800000,0x0000000082db3130,0x0000000087e80000)
 Metaspace       used 55763K, capacity 56584K, committed 57008K, reserved 1099776K
  class space    used 6788K, capacity 6969K, committed 7088K, reserved 1048576K

Card table byte_map: [0x00000000119f0000,0x0000000011df0000] byte_map_base: 0x00000000115e4000

Marking Bits: (ParMarkBitMap*) 0x000000006f1ea6d0
 Begin Bits: [0x00000000124a0000, 0x0000000014440000)
 End Bits:   [0x0000000014440000, 0x00000000163e0000)

Polling page: 0x0000000000800000

CodeCache: size=245760Kb used=25507Kb max_used=25803Kb free=220252Kb
 bounds [0x0000000002630000, 0x0000000003ff0000, 0x0000000011630000]
 total_blobs=7548 nmethods=6778 adapters=681
 compilation: enabled

Compilation events (10 events):
Event: 273.997 Thread 0x0000000017187000 8146  s    4       org.apache.tomcat.util.collections.SynchronizedStack::pop (39 bytes)
Event: 274.000 Thread 0x0000000017187000 nmethod 8146 0x0000000003406d50 code [0x0000000003406e80, 0x0000000003407198]
Event: 274.021 Thread 0x00000000171da000 8147       4       java.util.concurrent.locks.ReentrantReadWriteLock$Sync::tryReleaseShared (147 bytes)
Event: 274.021 Thread 0x00000000171de800 8148       1       java.util.concurrent.locks.AbstractQueuedSynchronizer::compareAndSetTail (13 bytes)
Event: 274.022 Thread 0x00000000171de800 nmethod 8148 0x0000000003925550 code [0x00000000039256a0, 0x00000000039257f0]
Event: 274.036 Thread 0x00000000171da000 nmethod 8147 0x0000000003b9fc90 code [0x0000000003b9fe20, 0x0000000003ba0428]
Event: 274.536 Thread 0x0000000017187000 8149       4       org.springframework.web.servlet.mvc.method.RequestMappingInfoHandlerMapping::getMatchingMapping (10 bytes)
Event: 274.536 Thread 0x00000000171da000 8150       4       org.springframework.web.servlet.mvc.condition.RequestMethodsRequestCondition::getMatchingCondition (73 bytes)
Event: 274.623 Thread 0x00000000171da000 nmethod 8150 0x0000000003a56fd0 code [0x0000000003a572a0, 0x0000000003a58a00]
Event: 274.646 Thread 0x00000000171da000 8151       4       org.springframework.web.servlet.handler.AbstractHandlerMethodMapping::lookupHandlerMethod (323 bytes)

GC Heap History (10 events):
Event: 11.810 GC heap before
{Heap before GC invocations=14 (full 2):
 PSYoungGen      total 136192K, used 123904K [0x00000000d5d80000, 0x00000000e1880000, 0x0000000100000000)
  eden space 123904K, 100% used [0x00000000d5d80000,0x00000000dd680000,0x00000000dd680000)
  from space 12288K, 0% used [0x00000000dd680000,0x00000000dd680000,0x00000000de280000)
  to   space 15360K, 0% used [0x00000000e0980000,0x00000000e0980000,0x00000000e1880000)
 ParOldGen       total 104960K, used 22188K [0x0000000081800000, 0x0000000087e80000, 0x00000000d5d80000)
  object space 104960K, 21% used [0x0000000081800000,0x0000000082dab130,0x0000000087e80000)
 Metaspace       used 42724K, capacity 43160K, committed 43440K, reserved 1087488K
  class space    used 5400K, capacity 5499K, committed 5552K, reserved 1048576K
Event: 11.828 GC heap after
Heap after GC invocations=14 (full 2):
 PSYoungGen      total 162816K, used 8792K [0x00000000d5d80000, 0x00000000e1280000, 0x0000000100000000)
  eden space 153600K, 0% used [0x00000000d5d80000,0x00000000d5d80000,0x00000000df380000)
  from space 9216K, 95% used [0x00000000e0980000,0x00000000e1216330,0x00000000e1280000)
  to   space 15360K, 0% used [0x00000000df480000,0x00000000df480000,0x00000000e0380000)
 ParOldGen       total 104960K, used 22188K [0x0000000081800000, 0x0000000087e80000, 0x00000000d5d80000)
  object space 104960K, 21% used [0x0000000081800000,0x0000000082dab130,0x0000000087e80000)
 Metaspace       used 42724K, capacity 43160K, committed 43440K, reserved 1087488K
  class space    used 5400K, capacity 5499K, committed 5552K, reserved 1048576K
}
Event: 13.867 GC heap before
{Heap before GC invocations=15 (full 2):
 PSYoungGen      total 162816K, used 162392K [0x00000000d5d80000, 0x00000000e1280000, 0x0000000100000000)
  eden space 153600K, 100% used [0x00000000d5d80000,0x00000000df380000,0x00000000df380000)
  from space 9216K, 95% used [0x00000000e0980000,0x00000000e1216330,0x00000000e1280000)
  to   space 15360K, 0% used [0x00000000df480000,0x00000000df480000,0x00000000e0380000)
 ParOldGen       total 104960K, used 22188K [0x0000000081800000, 0x0000000087e80000, 0x00000000d5d80000)
  object space 104960K, 21% used [0x0000000081800000,0x0000000082dab130,0x0000000087e80000)
 Metaspace       used 47284K, capacity 47782K, committed 48176K, reserved 1091584K
  class space    used 5973K, capacity 6136K, committed 6192K, reserved 1048576K
Event: 13.891 GC heap after
Heap after GC invocations=15 (full 2):
 PSYoungGen      total 169984K, used 11176K [0x00000000d5d80000, 0x00000000e3600000, 0x0000000100000000)
  eden space 154624K, 0% used [0x00000000d5d80000,0x00000000d5d80000,0x00000000df480000)
  from space 15360K, 72% used [0x00000000df480000,0x00000000dff6a1e8,0x00000000e0380000)
  to   space 15872K, 0% used [0x00000000e2680000,0x00000000e2680000,0x00000000e3600000)
 ParOldGen       total 104960K, used 22196K [0x0000000081800000, 0x0000000087e80000, 0x00000000d5d80000)
  object space 104960K, 21% used [0x0000000081800000,0x0000000082dad130,0x0000000087e80000)
 Metaspace       used 47284K, capacity 47782K, committed 48176K, reserved 1091584K
  class space    used 5973K, capacity 6136K, committed 6192K, reserved 1048576K
}
Event: 16.631 GC heap before
{Heap before GC invocations=16 (full 2):
 PSYoungGen      total 169984K, used 165800K [0x00000000d5d80000, 0x00000000e3600000, 0x0000000100000000)
  eden space 154624K, 100% used [0x00000000d5d80000,0x00000000df480000,0x00000000df480000)
  from space 15360K, 72% used [0x00000000df480000,0x00000000dff6a1e8,0x00000000e0380000)
  to   space 15872K, 0% used [0x00000000e2680000,0x00000000e2680000,0x00000000e3600000)
 ParOldGen       total 104960K, used 22196K [0x0000000081800000, 0x0000000087e80000, 0x00000000d5d80000)
  object space 104960K, 21% used [0x0000000081800000,0x0000000082dad130,0x0000000087e80000)
 Metaspace       used 51111K, capacity 51900K, committed 52272K, reserved 1095680K
  class space    used 6402K, capacity 6599K, committed 6704K, reserved 1048576K
Event: 16.673 GC heap after
Heap after GC invocations=16 (full 2):
 PSYoungGen      total 203776K, used 15015K [0x00000000d5d80000, 0x00000000e3c80000, 0x0000000100000000)
  eden space 187904K, 0% used [0x00000000d5d80000,0x00000000d5d80000,0x00000000e1500000)
  from space 15872K, 94% used [0x00000000e2680000,0x00000000e3529fe8,0x00000000e3600000)
  to   space 17920K, 0% used [0x00000000e1500000,0x00000000e1500000,0x00000000e2680000)
 ParOldGen       total 104960K, used 22204K [0x0000000081800000, 0x0000000087e80000, 0x00000000d5d80000)
  object space 104960K, 21% used [0x0000000081800000,0x0000000082daf130,0x0000000087e80000)
 Metaspace       used 51111K, capacity 51900K, committed 52272K, reserved 1095680K
  class space    used 6402K, capacity 6599K, committed 6704K, reserved 1048576K
}
Event: 249.339 GC heap before
{Heap before GC invocations=17 (full 2):
 PSYoungGen      total 203776K, used 202919K [0x00000000d5d80000, 0x00000000e3c80000, 0x0000000100000000)
  eden space 187904K, 100% used [0x00000000d5d80000,0x00000000e1500000,0x00000000e1500000)
  from space 15872K, 94% used [0x00000000e2680000,0x00000000e3529fe8,0x00000000e3600000)
  to   space 17920K, 0% used [0x00000000e1500000,0x00000000e1500000,0x00000000e2680000)
 ParOldGen       total 104960K, used 22204K [0x0000000081800000, 0x0000000087e80000, 0x00000000d5d80000)
  object space 104960K, 21% used [0x0000000081800000,0x0000000082daf130,0x0000000087e80000)
 Metaspace       used 55732K, capacity 56552K, committed 56880K, reserved 1099776K
  class space    used 6782K, capacity 6937K, committed 6960K, reserved 1048576K
Event: 249.366 GC heap after
Heap after GC invocations=17 (full 2):
 PSYoungGen      total 205824K, used 16624K [0x00000000d5d80000, 0x00000000e6180000, 0x0000000100000000)
  eden space 187904K, 0% used [0x00000000d5d80000,0x00000000d5d80000,0x00000000e1500000)
  from space 17920K, 92% used [0x00000000e1500000,0x00000000e253c178,0x00000000e2680000)
  to   space 19968K, 0% used [0x00000000e4e00000,0x00000000e4e00000,0x00000000e6180000)
 ParOldGen       total 104960K, used 22212K [0x0000000081800000, 0x0000000087e80000, 0x00000000d5d80000)
  object space 104960K, 21% used [0x0000000081800000,0x0000000082db1130,0x0000000087e80000)
 Metaspace       used 55732K, capacity 56552K, committed 56880K, reserved 1099776K
  class space    used 6782K, capacity 6937K, committed 6960K, reserved 1048576K
}
Event: 267.096 GC heap before
{Heap before GC invocations=18 (full 2):
 PSYoungGen      total 205824K, used 204528K [0x00000000d5d80000, 0x00000000e6180000, 0x0000000100000000)
  eden space 187904K, 100% used [0x00000000d5d80000,0x00000000e1500000,0x00000000e1500000)
  from space 17920K, 92% used [0x00000000e1500000,0x00000000e253c178,0x00000000e2680000)
  to   space 19968K, 0% used [0x00000000e4e00000,0x00000000e4e00000,0x00000000e6180000)
 ParOldGen       total 104960K, used 22212K [0x0000000081800000, 0x0000000087e80000, 0x00000000d5d80000)
  object space 104960K, 21% used [0x0000000081800000,0x0000000082db1130,0x0000000087e80000)
 Metaspace       used 55750K, capacity 56552K, committed 56880K, reserved 1099776K
  class space    used 6786K, capacity 6937K, committed 6960K, reserved 1048576K
Event: 267.116 GC heap after
Heap after GC invocations=18 (full 2):
 PSYoungGen      total 236032K, used 14296K [0x00000000d5d80000, 0x00000000e5d80000, 0x0000000100000000)
  eden space 220160K, 0% used [0x00000000d5d80000,0x00000000d5d80000,0x00000000e3480000)
  from space 15872K, 90% used [0x00000000e4e00000,0x00000000e5bf6070,0x00000000e5d80000)
  to   space 20992K, 0% used [0x00000000e3480000,0x00000000e3480000,0x00000000e4900000)
 ParOldGen       total 104960K, used 22220K [0x0000000081800000, 0x0000000087e80000, 0x00000000d5d80000)
  object space 104960K, 21% used [0x0000000081800000,0x0000000082db3130,0x0000000087e80000)
 Metaspace       used 55750K, capacity 56552K, committed 56880K, reserved 1099776K
  class space    used 6786K, capacity 6937K, committed 6960K, reserved 1048576K
}

Deoptimization events (10 events):
Event: 270.814 Thread 0x0000000019809000 Uncommon trap: reason=unstable_if action=reinterpret pc=0x0000000003e845cc method=java.util.concurrent.locks.ReentrantReadWriteLock$Sync.tryAcquireShared(I)I @ 55
Event: 270.936 Thread 0x000000001980e000 Uncommon trap: reason=unstable_if action=reinterpret pc=0x0000000002747884 method=org.apache.tomcat.util.net.NioEndpoint$Poller.addEvent(Lorg/apache/tomcat/util/net/NioEndpoint$PollerEvent;)V @ 18
Event: 271.100 Thread 0x000000001980c800 Uncommon trap: reason=unstable_if action=reinterpret pc=0x00000000035b4f74 method=org.apache.tomcat.util.net.NioEndpoint$Poller.addEvent(Lorg/apache/tomcat/util/net/NioEndpoint$PollerEvent;)V @ 18
Event: 271.466 Thread 0x000000001980e000 Uncommon trap: reason=unstable_if action=reinterpret pc=0x0000000003e34f7c method=java.util.concurrent.locks.ReentrantReadWriteLock$Sync.tryAcquireShared(I)I @ 55
Event: 271.466 Thread 0x000000001980e000 Uncommon trap: reason=unstable_if action=reinterpret pc=0x0000000003e50ac8 method=java.util.concurrent.locks.ReentrantReadWriteLock$Sync.tryReleaseShared(I)Z @ 9
Event: 271.466 Thread 0x000000001980e000 Uncommon trap: reason=unstable_if action=reinterpret pc=0x0000000003c78110 method=org.apache.tomcat.util.collections.SynchronizedStack.pop()Ljava/lang/Object; @ 5
Event: 271.509 Thread 0x000000001980b000 Uncommon trap: reason=unstable_if action=reinterpret pc=0x0000000003412630 method=java.util.concurrent.locks.ReentrantLock$Sync.nonfairTryAcquire(I)Z @ 19
Event: 271.601 Thread 0x0000000019815000 Uncommon trap: reason=unstable_if action=reinterpret pc=0x0000000002eda0a0 method=java.util.concurrent.locks.AbstractQueuedSynchronizer$ConditionObject.doSignal(Ljava/util/concurrent/locks/AbstractQueuedSynchronizer$Node;)V @ 9
Event: 271.863 Thread 0x000000001980e000 Uncommon trap: reason=unstable_if action=reinterpret pc=0x0000000003c5365c method=java.util.concurrent.ConcurrentHashMap.addCount(JI)V @ 97
Event: 272.686 Thread 0x000000001980c800 Uncommon trap: reason=unstable_if action=reinterpret pc=0x0000000002fb13bc method=java.util.concurrent.ConcurrentHashMap.addCount(JI)V @ 97

Internal exceptions (10 events):
Event: 93.752 Thread 0x000000001980e000 Exception <a 'java/lang/ClassNotFoundException': java/lang/ObjectCustomizer> (0x00000000d9624a80) thrown at [C:\re\workspace\8-2-build-windows-amd64-cygwin\jdk8u101\7261\hotspot\src\share\vm\classfile\systemDictionary.cpp, line 210]
Event: 93.754 Thread 0x000000001980e000 Exception <a 'java/lang/ClassNotFoundException': hu/elte/inf/alkfejl/cinema/service/AbstractServiceCustomizer> (0x00000000d964da40) thrown at [C:\re\workspace\8-2-build-windows-amd64-cygwin\jdk8u101\7261\hotspot\src\share\vm\classfile\systemDictionary.cpp,YPµhpW@
Event: 93.756 Thread 0x000000001980e000 Exception <a 'java/lang/ClassNotFoundException': hu/elte/inf/alkfejl/cinema/service/MovieServiceCustomizer> (0x00000000d9676940) thrown at [C:\re\workspace\8-2-build-windows-amd64-cygwin\jdk8u101\7261\hotspot\src\share\vm\classfile\systemDictionary.cpp, li§S”ëp@
Event: 270.688 Thread 0x000000001b38f800 Implicit null exception at 0x0000000003f797f4 to 0x0000000003f7ab31
Event: 270.689 Thread 0x000000001b38f800 Implicit null exception at 0x0000000003e74970 to 0x0000000003e749b5
Event: 270.689 Thread 0x000000001b38f800 Implicit null exception at 0x00000000029c20b0 to 0x00000000029c20f5
Event: 270.689 Thread 0x000000001b38f800 Implicit null exception at 0x0000000003c95a34 to 0x0000000003c95be1
Event: 270.689 Thread 0x000000001b38f800 Implicit null exception at 0x0000000003e42c38 to 0x0000000003e442f1
Event: 270.690 Thread 0x000000001b38f800 Implicit null exception at 0x0000000002c45f66 to 0x0000000002c485d1
Event: 270.690 Thread 0x000000001b38f800 Implicit null exception at 0x0000000003eae107 to 0x0000000003eae235

Events (10 events):
Event: 273.092 Thread 0x0000000017187000 flushing nmethod 0x0000000003b4d090
Event: 273.092 Thread 0x0000000017187000 flushing nmethod 0x0000000003b97ad0
Event: 273.092 Thread 0x0000000017187000 flushing nmethod 0x0000000003b9b650
Event: 273.092 Thread 0x0000000017187000 flushing nmethod 0x0000000003b9fc90
Event: 273.092 Thread 0x0000000017187000 flushing nmethod 0x0000000003bc7550
Event: 273.092 Thread 0x0000000017187000 flushing nmethod 0x0000000003c07b50
Event: 273.092 Thread 0x0000000017187000 flushing nmethod 0x0000000003c07e90
Event: 273.092 Thread 0x0000000017187000 flushing nmethod 0x0000000003c095d0
Event: 273.092 Thread 0x0000000017187000 flushing nmethod 0x0000000003c638d0
Event: 273.133 Thread 0x0000000017187000 flushing nmethod 0x0000000003db0a90


Dynamic libraries:
0x00007ff76daf0000 - 0x00007ff76db27000 	C:\Program Files\Java\jdk1.8.0_101\bin\java.exe
0x00007ffdf04d0000 - 0x00007ffdf0691000 	C:\Windows\SYSTEM32\ntdll.dll
0x00007ffdefaf0000 - 0x00007ffdefb9d000 	C:\Windows\system32\KERNEL32.DLL
0x00007ffdecec0000 - 0x00007ffded0a8000 	C:\Windows\system32\KERNELBASE.dll
0x00007ffdf0070000 - 0x00007ffdf0117000 	C:\Windows\system32\ADVAPI32.dll
0x00007ffdefd00000 - 0x00007ffdefd9d000 	C:\Windows\system32\msvcrt.dll
0x00007ffdef210000 - 0x00007ffdef26b000 	C:\Windows\system32\sechost.dll
0x00007ffdef290000 - 0x00007ffdef3ac000 	C:\Windows\system32\RPCRT4.dll
0x00007ffdefba0000 - 0x00007ffdefcf6000 	C:\Windows\system32\USER32.dll
0x00007ffdf02e0000 - 0x00007ffdf0466000 	C:\Windows\system32\GDI32.dll
0x00007ffddd170000 - 0x00007ffddd3e4000 	C:\Windows\WinSxS\amd64_microsoft.windows.common-controls_6595b64144ccf1df_6.0.10586.672_none_a2d6b3cea53ff843\COMCTL32.dll
0x00007ffdeef90000 - 0x00007ffdef20d000 	C:\Windows\system32\combase.dll
0x00007ffded700000 - 0x00007ffded76a000 	C:\Windows\system32\bcryptPrimitives.dll
0x00007ffdefa40000 - 0x00007ffdefa7b000 	C:\Windows\system32\IMM32.DLL
0x000000006e540000 - 0x000000006e612000 	C:\Program Files\Java\jdk1.8.0_101\jre\bin\msvcr100.dll
0x000000006e9d0000 - 0x000000006f26a000 	C:\Program Files\Java\jdk1.8.0_101\jre\bin\server\jvm.dll
0x00007ffdf0120000 - 0x00007ffdf0128000 	C:\Windows\system32\PSAPI.DLL
0x00007ffdde990000 - 0x00007ffdde999000 	C:\Windows\SYSTEM32\WSOCK32.dll
0x00007ffdefda0000 - 0x00007ffdefe0b000 	C:\Windows\system32\WS2_32.dll
0x00007ffdeb220000 - 0x00007ffdeb243000 	C:\Windows\SYSTEM32\WINMM.dll
0x00007ffde0990000 - 0x00007ffde099a000 	C:\Windows\SYSTEM32\VERSION.dll
0x00007ffdeb1c0000 - 0x00007ffdeb1ec000 	C:\Windows\SYSTEM32\WINMMBASE.dll
0x00007ffdecd50000 - 0x00007ffdecd93000 	C:\Windows\system32\cfgmgr32.dll
0x000000006e9c0000 - 0x000000006e9cf000 	C:\Program Files\Java\jdk1.8.0_101\jre\bin\verify.dll
0x000000006e990000 - 0x000000006e9b9000 	C:\Program Files\Java\jdk1.8.0_101\jre\bin\java.dll
0x000000006e970000 - 0x000000006e986000 	C:\Program Files\Java\jdk1.8.0_101\jre\bin\zip.dll
0x00007ffded8d0000 - 0x00007ffdeee2c000 	C:\Windows\system32\SHELL32.dll
0x00007ffded0b0000 - 0x00007ffded6f5000 	C:\Windows\system32\windows.storage.dll
0x00007ffdf0470000 - 0x00007ffdf04c2000 	C:\Windows\system32\shlwapi.dll
0x00007ffdecb00000 - 0x00007ffdecb0f000 	C:\Windows\system32\kernel.appcore.dll
0x00007ffdecda0000 - 0x00007ffdece55000 	C:\Windows\system32\shcore.dll
0x00007ffdecb30000 - 0x00007ffdecb7b000 	C:\Windows\system32\powrprof.dll
0x00007ffdecb10000 - 0x00007ffdecb24000 	C:\Windows\system32\profapi.dll
0x00007ffddf010000 - 0x00007ffddf020000 	C:\Program Files (x86)\JetBrains\IntelliJ IDEA 2016.2.4\bin\breakgen64.dll
0x000000006e950000 - 0x000000006e96a000 	C:\Program Files\Java\jdk1.8.0_101\jre\bin\net.dll
0x00007ffdec420000 - 0x00007ffdec47c000 	C:\Windows\system32\mswsock.dll
0x000000006e730000 - 0x000000006e73d000 	C:\Program Files\Java\jdk1.8.0_101\jre\bin\management.dll
0x00007ffddd820000 - 0x00007ffddd836000 	C:\Windows\system32\napinsp.dll
0x00007ffddd800000 - 0x00007ffddd81a000 	C:\Windows\system32\pnrpnsp.dll
0x00007ffdea650000 - 0x00007ffdea668000 	C:\Windows\system32\NLAapi.dll
0x00007ffdeb560000 - 0x00007ffdeb60a000 	C:\Windows\SYSTEM32\DNSAPI.dll
0x00007ffdef4d0000 - 0x00007ffdef4d8000 	C:\Windows\system32\NSI.dll
0x00007ffddd7f0000 - 0x00007ffddd7fd000 	C:\Windows\System32\winrnr.dll
0x00007ffde8cf0000 - 0x00007ffde8d05000 	C:\Windows\System32\wshbth.dll
0x00007ffde3f70000 - 0x00007ffde3f7a000 	C:\Windows\System32\rasadhlp.dll
0x00007ffde9450000 - 0x00007ffde9488000 	C:\Windows\SYSTEM32\IPHLPAPI.DLL
0x00007ffde5270000 - 0x00007ffde52d7000 	C:\Windows\System32\fwpuclnt.dll
0x00007ffdec6f0000 - 0x00007ffdec719000 	C:\Windows\SYSTEM32\bcrypt.dll
0x000000006e930000 - 0x000000006e941000 	C:\Program Files\Java\jdk1.8.0_101\jre\bin\nio.dll
0x00007ffdec4d0000 - 0x00007ffdec4e7000 	C:\Windows\SYSTEM32\CRYPTSP.dll
0x00007ffdec160000 - 0x00007ffdec194000 	C:\Windows\system32\rsaenh.dll
0x00007ffdec2b0000 - 0x00007ffdec2cf000 	C:\Windows\SYSTEM32\USERENV.dll
0x00007ffdec5f0000 - 0x00007ffdec5fb000 	C:\Windows\SYSTEM32\CRYPTBASE.dll
0x00007ffde7be0000 - 0x00007ffde7bf6000 	C:\Windows\SYSTEM32\dhcpcsvc6.DLL
0x00007ffde7bc0000 - 0x00007ffde7bda000 	C:\Windows\SYSTEM32\dhcpcsvc.DLL

VM Arguments:
jvm_args: -Dspring.output.ansi.enabled=always -Didea.launcher.port=7533 -Didea.launcher.bin.path=C:\Program Files (x86)\JetBrains\IntelliJ IDEA 2016.2.4\bin -Dfile.encoding=UTF-8 
java_command: com.intellij.rt.execution.application.AppMain hu.elte.inf.alkfejl.cinema.Application
java_class_path (initial): C:\Program Files\Java\jdk1.8.0_101\jre\lib\charsets.jar;C:\Program Files\Java\jdk1.8.0_101\jre\lib\deploy.jar;C:\Program Files\Java\jdk1.8.0_101\jre\lib\ext\access-bridge-64.jar;C:\Program Files\Java\jdk1.8.0_101\jre\lib\ext\cldrdata.jar;C:\Program Files\Java\jdk1.8.0_101\jre\lib\ext\dnsns.jar;C:\Program Files\Java\jdk1.8.0_101\jre\lib\ext\jaccess.jar;C:\Program Files\Java\jdk1.8.0_101\jre\lib\ext\jfxrt.jar;C:\Program Files\Java\jdk1.8.0_101\jre\lib\ext\localedata.jar;C:\Program Files\Java\jdk1.8.0_101\jre\lib\ext\nashorn.jar;C:\Program Files\Java\jdk1.8.0_101\jre\lib\ext\sunec.jar;C:\Program Files\Java\jdk1.8.0_101\jre\lib\ext\sunjce_provider.jar;C:\Program Files\Java\jdk1.8.0_101\jre\lib\ext\sunmscapi.jar;C:\Program Files\Java\jdk1.8.0_101\jre\lib\ext\sunpkcs11.jar;C:\Program Files\Java\jdk1.8.0_101\jre\lib\ext\zipfs.jar;C:\Program Files\Java\jdk1.8.0_101\jre\lib\javaws.jar;C:\Program Files\Java\jdk1.8.0_101\jre\lib\jce.jar;C:\Program Files\Java\jdk1.8.0_101\jre\lib\jfr.jar;C:\Program Files\Java\jdk1.8.0_101\jre\lib\jfxswt.jar;C:\Program Files\Java\jdk1.8.0_101\jre\lib\jsse.jar;C:\Program Files\Java\jdk1.8.0_101\jre\lib\management-agent.jar;C:\Program Files\Java\jdk1.8.0_101\jre\lib\plugin.jar;C:\Program Files\Java\jdk1.8.0_101\jre\lib\resources.jar;C:\Program Files\Java\jdk1.8.0_101\jre\lib\rt.jar;C:\Users\FSOCIETY\GitProjects\CinemaDone\ELTECinema\ELTECinema-backend\build\classes\main;C:\Users\FSOCIETY\GitProjects\CinemaDone\ELTECinema\ELTECinema-backend\build\resources\main;C:\Users\FSOCIETY\.gradle\caches\modules-2\files-2.1\org.glassfish.hk2.external\asm-all-repackaged\2.5.0-b32\dc705f1d54cd5a96cbc5a473525e75ef1cb59a9e\asm-all-repackaged-2.5.0-b32.jar;C:\Users\FSOCIETY\.gradle\caches\modules-2\files-2.1\ch.qos.logback\logback-core\1.1.11\88b8df40340eed549fb07e2613879bf6b006704d\logback-core-1.1.11.jar;C:\Users\FSOCIETY\.gradle\caches\modules-2\files-2.1\org.unbescape\unbescape\1.1.0.RELEASE\ab0db4fe0a6fa89fb8da2a40008a4e63a7f3f5b9
Launcher Type: SUN_STANDARD

Environment Variables:
PATH=C:\ProgramData\Oracle\Java\javapath;C:\Program Files (x86)\Common Files\Intel\Shared Files\cpp\bin\Intel64;C:\Program Files (x86)\Intel\iCLS Client\;C:\Program Files\Intel\iCLS Client\;C:\Windows\system32;C:\Windows;C:\Windows\System32\Wbem;C:\Windows\System32\WindowsPowerShell\v1.0\;C:\Program Files (x86)\Intel\Intel(R) Management Engine Components\DAL;C:\Program Files\Intel\Intel(R) Management Engine Components\DAL;C:\Program Files (x86)\Intel\Intel(R) Management Engine Components\IPT;C:\Program Files\Intel\Intel(R) Management Engine Components\IPT;C:\Program Files (x86)\GNU\GnuPG\pub;C:\Program Files (x86)\QuickTime\QTSystem\;C:\Program Files\OpenVPN\bin;C:\Program Files (x86)\Heroku\bin;C:\Program Files (x86)\git\cmd;C:\Program Files (x86)\Git\cmd;C:\Program Files (x86)\GtkSharp\2.12\bin;C:\Program Files\MiKTeX 2.9\miktex\bin\x64\;C:\Program Files (x86)\scala\bin;C:\Program Files (x86)\Skype\Phone\;C:\Program Files\CMake\bin;C:\Program Files\MySQL\MySQL Utilities 1.6\;C:\Program Files (x86)\Windows Kits\8.1\Windows Performance Toolkit\;C:\Program Files\Microsoft SQL Server\120\Tools\Binn\;C:\Program Files\nodejs\;C:\Program Files\Java\jdk1.8.0_101\bin;C:\Program Files (x86)\CodeBlocks\MinGW\bin;C:\Users\FSOCIETY\AppData\Roaming\npm
USERNAME=FSOCIETY
OS=Windows_NT
PROCESSOR_IDENTIFIER=Intel64 Family 6 Model 58 Stepping 9, GenuineIntel



---------------  S Y S T E M  ---------------

OS: Windows 10.0 , 64 bit Build 10586 (10.0.10586.589)

CPU:total 4 (2 cores per cpu, 2 threads per core) family 6 model 58 stepping 9, cmov, cx8, fxsr, mmx, sse, sse2, sse3, ssse3, sse4.1, sse4.2, popcnt, avx, aes, clmul, erms, ht, tsc, tscinvbit, tscinv

Memory: 4k page, physical 8289536k(2129724k free), swap 10545252k(2040k free)

vm_info: Java HotSpot(TM) 64-Bit Server VM (25.101-b13) for windows-amd64 JRE (1.8.0_101-b13), built on Jun 22 2016 01:21:29 by "java_re" with MS VC++ 10.0 (VS2010)

time: Sun Dec 10 16:24:36 2017
elapsed time: 274 seconds (0d 0h 4m 34s)

